<?xml version="1.0" encoding="UTF-8"?>
<!-- Generated by org.testng.reporters.JUnitReportReporter -->
<testsuite skipped="0" hostname="DESKTOP-LF81N7A" name="TestNGPractice.JDBCConnection" tests="1" failures="0" timestamp="25 Jan 2021 14:08:36 GMT" time="0.805" errors="0">
  <testcase name="getDataFromDB" time="0.805" classname="TestNGPractice.JDBCConnection"/>
</testsuite> <!-- TestNGPractice.JDBCConnection -->
