<?xml version="1.0" encoding="UTF-8"?>
<!-- Generated by org.testng.reporters.JUnitReportReporter -->
<testsuite skipped="0" hostname="DESKTOP-LF81N7A" name="Sample.DataProviderTest" tests="2" failures="0" timestamp="20 Jan 2021 02:08:37 GMT" time="0.008" errors="0">
  <testcase name="messagePrint" time="0.008" classname="Sample.DataProviderTest"/>
  <testcase name="messagePrint" time="0.000" classname="Sample.DataProviderTest"/>
</testsuite> <!-- Sample.DataProviderTest -->
