<?xml version="1.0" encoding="UTF-8"?>
<!-- Generated by org.testng.reporters.JUnitReportReporter -->
<testsuite skipped="0" hostname="DESKTOP-LF81N7A" name="TestNGPractice.AnnotationTest" tests="2" failures="0" timestamp="26 Jan 2021 11:47:15 GMT" time="0.013" errors="0">
  <testcase name="Test2" time="0.006" classname="TestNGPractice.AnnotationTest"/>
  <testcase name="Test1" time="0.007" classname="TestNGPractice.AnnotationTest"/>
</testsuite> <!-- TestNGPractice.AnnotationTest -->
