<?xml version="1.0" encoding="UTF-8"?>
<!-- Generated by org.testng.reporters.JUnitReportReporter -->
<testsuite skipped="0" hostname="DESKTOP-LF81N7A" name="Sample.Params" tests="3" failures="0" timestamp="26 Jan 2021 10:50:54 GMT" time="0.013" errors="0">
  <testcase name="OP" time="0.003" classname="Sample.Params"/>
  <testcase name="Sum" time="0.001" classname="Sample.Params"/>
  <testcase name="Diff" time="0.009" classname="Sample.Params"/>
</testsuite> <!-- Sample.Params -->
