<?xml version="1.0" encoding="UTF-8"?>
<!-- Generated by org.testng.reporters.JUnitReportReporter -->
<testsuite skipped="0" hostname="DESKTOP-LF81N7A" name="Sample.TestNG" tests="4" failures="0" timestamp="26 Jan 2021 10:50:54 GMT" time="16.351" errors="0">
  <testcase name="openBrowser" time="12.410" classname="Sample.TestNG"/>
  <testcase name="checkTitle" time="0.018" classname="Sample.TestNG"/>
  <testcase name="click_element" time="3.384" classname="Sample.TestNG"/>
  <testcase name="closeBrowser" time="0.539" classname="Sample.TestNG"/>
</testsuite> <!-- Sample.TestNG -->
