<?xml version="1.0" encoding="UTF-8"?>
<!-- Generated by org.testng.reporters.JUnitReportReporter -->
<testsuite skipped="0" hostname="DESKTOP-LF81N7A" name="TestNGPractice.ReadDataFromJson" tests="1" failures="0" timestamp="26 Jan 2021 08:13:24 GMT" time="0.020" errors="0">
  <testcase name="readJsonData" time="0.020" classname="TestNGPractice.ReadDataFromJson"/>
</testsuite> <!-- TestNGPractice.ReadDataFromJson -->
