<?xml version="1.0" encoding="UTF-8"?>
<!-- Generated by org.testng.reporters.JUnitReportReporter -->
<testsuite skipped="0" hostname="DESKTOP-LF81N7A" name="Sample.NewTest" tests="1" failures="0" timestamp="26 Jan 2021 11:50:05 GMT" time="7.551" errors="0">
  <testcase name="testEasy" time="7.551" classname="Sample.NewTest"/>
</testsuite> <!-- Sample.NewTest -->
