<?xml version="1.0" encoding="UTF-8"?>
<!-- Generated by org.testng.reporters.JUnitReportReporter -->
<testsuite skipped="0" hostname="DESKTOP-LF81N7A" name="Sample.NewTest" tests="3" failures="0" timestamp="26 Jan 2021 12:47:10 GMT" time="13.041" errors="0">
  <testcase name="beforeTest" time="4.860" classname="Sample.NewTest"/>
  <testcase name="afterTest" time="0.728" classname="Sample.NewTest"/>
  <testcase name="testEasy" time="7.453" classname="Sample.NewTest"/>
</testsuite> <!-- Sample.NewTest -->
